0 info it worked if it ends with ok
1 verbose cli [ '/usr/local/Cellar/node/8.9.1/bin/node',
1 verbose cli   '/Users/guolei/Desktop/copay_new/BitcoinPay/node_modules/.bin/npm',
1 verbose cli   'run',
1 verbose cli   'build:ios-release' ]
2 info using npm@2.15.12
3 info using node@v8.9.1
4 warn invalid config loglevel="notice"
5 verbose run-script [ 'prebuild:ios-release',
5 verbose run-script   'build:ios-release',
5 verbose run-script   'postbuild:ios-release' ]
6 info prebuild:ios-release copay@0.1.0
7 info build:ios-release copay@0.1.0
8 verbose unsafe-perm in lifecycle true
9 info copay@0.1.0 Failed to exec build:ios-release script
10 verbose stack Error: copay@0.1.0 build:ios-release: `cordova prepare ios && cordova build ios --release`
10 verbose stack Exit status 1
10 verbose stack     at EventEmitter.<anonymous> (/Users/guolei/Desktop/copay_new/BitcoinPay/node_modules/npm/lib/utils/lifecycle.js:217:16)
10 verbose stack     at emitTwo (events.js:126:13)
10 verbose stack     at EventEmitter.emit (events.js:214:7)
10 verbose stack     at ChildProcess.<anonymous> (/Users/guolei/Desktop/copay_new/BitcoinPay/node_modules/npm/lib/utils/spawn.js:24:14)
10 verbose stack     at emitTwo (events.js:126:13)
10 verbose stack     at ChildProcess.emit (events.js:214:7)
10 verbose stack     at maybeClose (internal/child_process.js:925:16)
10 verbose stack     at Process.ChildProcess._handle.onexit (internal/child_process.js:209:5)
11 verbose pkgid copay@0.1.0
12 verbose cwd /Users/guolei/Desktop/copay_new/BitcoinPay
13 error Darwin 17.4.0
14 error argv "/usr/local/Cellar/node/8.9.1/bin/node" "/Users/guolei/Desktop/copay_new/BitcoinPay/node_modules/.bin/npm" "run" "build:ios-release"
15 error node v8.9.1
16 error npm  v2.15.12
17 error code ELIFECYCLE
18 error copay@0.1.0 build:ios-release: `cordova prepare ios && cordova build ios --release`
18 error Exit status 1
19 error Failed at the copay@0.1.0 build:ios-release script 'cordova prepare ios && cordova build ios --release'.
19 error This is most likely a problem with the copay package,
19 error not with npm itself.
19 error Tell the author that this fails on your system:
19 error     cordova prepare ios && cordova build ios --release
19 error You can get information on how to open an issue for this project with:
19 error     npm bugs copay
19 error Or if that isn't available, you can get their info via:
19 error
19 error     npm owner ls copay
19 error There is likely additional logging output above.
20 verbose exit [ 1, true ]
